<?xml version="1.0" encoding="UTF-8"?>
<!-- Generated by org.testng.reporters.JUnitXMLReporter -->
<testsuite hostname="MacBook-Pro-de-Synapsys.local" ignored="0" name="Default test" tests="5" failures="1" timestamp="12 fÃ©vr. 2020 11:50:09 GMT" time="0.057" errors="0">
  <testcase name="@BeforeTest setup" time="0.0" classname="sn.orange.sonatel.pole.digital.testcase.FibreB2BTelEligible_SouscriptionKOTestCase">
    <failure type="org.testng.TestNGException" message="
Parameter &amp;apos;appUrl&amp;apos; is required by BeforeTest on method setup but has not been marked @Optional or defined
in /private/var/folders/0d/9jgm725n7vg0kt57wqg1dbw80000gp/T/testng-eclipse-852181668/testng-customsuite.xml">
      <![CDATA[org.testng.TestNGException: 
Parameter 'appUrl' is required by BeforeTest on method setup but has not been marked @Optional or defined
in /private/var/folders/0d/9jgm725n7vg0kt57wqg1dbw80000gp/T/testng-eclipse-852181668/testng-customsuite.xml
at org.testng.internal.Parameters.createParams(Parameters.java:290)
at org.testng.internal.Parameters.createParametersForMethod(Parameters.java:359)
at org.testng.internal.Parameters.createParameters(Parameters.java:620)
at org.testng.internal.Parameters.createConfigurationParameters(Parameters.java:190)
at org.testng.internal.Invoker.invokeConfigurations(Invoker.java:209)
at org.testng.internal.Invoker.invokeConfigurations(Invoker.java:142)
at org.testng.TestRunner.beforeRun(TestRunner.java:529)
at org.testng.TestRunner.run(TestRunner.java:497)
at org.testng.SuiteRunner.runTest(SuiteRunner.java:455)
at org.testng.SuiteRunner.runSequentially(SuiteRunner.java:450)
at org.testng.SuiteRunner.privateRun(SuiteRunner.java:415)
at org.testng.SuiteRunner.run(SuiteRunner.java:364)
at org.testng.SuiteRunnerWorker.runSuite(SuiteRunnerWorker.java:52)
at org.testng.SuiteRunnerWorker.run(SuiteRunnerWorker.java:84)
at org.testng.TestNG.runSuitesSequentially(TestNG.java:1208)
at org.testng.TestNG.runSuitesLocally(TestNG.java:1137)
at org.testng.TestNG.runSuites(TestNG.java:1049)
at org.testng.TestNG.run(TestNG.java:1017)
at org.testng.remote.AbstractRemoteTestNG.run(AbstractRemoteTestNG.java:114)
at org.testng.remote.RemoteTestNG.initAndRun(RemoteTestNG.java:251)
at org.testng.remote.RemoteTestNG.main(RemoteTestNG.java:77)
]]>
    </failure>
  </testcase> <!-- @BeforeTest setup -->
  <testcase name="@AfterTest browserClose" time="0.0" classname="sn.orange.sonatel.pole.digital.testcase.FibreB2BTelEligible_SouscriptionKOTestCase">
    <skipped/>
  </testcase> <!-- @AfterTest browserClose -->
  <testcase name="accueil" time="0.0" classname="sn.orange.sonatel.pole.digital.testcase.FibreB2BTelEligible_SouscriptionKOTestCase">
    <failure type="org.testng.TestNGException" message="
Parameter &amp;apos;appUrl&amp;apos; is required by @Test on method accueil but has not been marked @Optional or defined
in /private/var/folders/0d/9jgm725n7vg0kt57wqg1dbw80000gp/T/testng-eclipse-852181668/testng-customsuite.xml">
      <![CDATA[org.testng.TestNGException: 
Parameter 'appUrl' is required by @Test on method accueil but has not been marked @Optional or defined
in /private/var/folders/0d/9jgm725n7vg0kt57wqg1dbw80000gp/T/testng-eclipse-852181668/testng-customsuite.xml
at org.testng.internal.Parameters.createParams(Parameters.java:290)
at org.testng.internal.Parameters.createParametersForMethod(Parameters.java:359)
at org.testng.internal.Parameters.createParameters(Parameters.java:620)
at org.testng.internal.Parameters.handleParameters(Parameters.java:769)
at org.testng.internal.ParameterHandler.handleParameters(ParameterHandler.java:49)
at org.testng.internal.ParameterHandler.createParameters(ParameterHandler.java:37)
at org.testng.internal.Invoker.invokeTestMethods(Invoker.java:924)
at org.testng.internal.TestMethodWorker.invokeTestMethods(TestMethodWorker.java:125)
at org.testng.internal.TestMethodWorker.run(TestMethodWorker.java:109)
at org.testng.TestRunner.privateRun(TestRunner.java:648)
at org.testng.TestRunner.run(TestRunner.java:505)
at org.testng.SuiteRunner.runTest(SuiteRunner.java:455)
at org.testng.SuiteRunner.runSequentially(SuiteRunner.java:450)
at org.testng.SuiteRunner.privateRun(SuiteRunner.java:415)
at org.testng.SuiteRunner.run(SuiteRunner.java:364)
at org.testng.SuiteRunnerWorker.runSuite(SuiteRunnerWorker.java:52)
at org.testng.SuiteRunnerWorker.run(SuiteRunnerWorker.java:84)
at org.testng.TestNG.runSuitesSequentially(TestNG.java:1208)
at org.testng.TestNG.runSuitesLocally(TestNG.java:1137)
at org.testng.TestNG.runSuites(TestNG.java:1049)
at org.testng.TestNG.run(TestNG.java:1017)
at org.testng.remote.AbstractRemoteTestNG.run(AbstractRemoteTestNG.java:114)
at org.testng.remote.RemoteTestNG.initAndRun(RemoteTestNG.java:251)
at org.testng.remote.RemoteTestNG.main(RemoteTestNG.java:77)
]]>
    </failure>
  </testcase> <!-- accueil -->
  <testcase name="testEligibiliteParTelephone" time="0.0" classname="sn.orange.sonatel.pole.digital.testcase.FibreB2BTelEligible_SouscriptionKOTestCase">
    <skipped/>
  </testcase> <!-- testEligibiliteParTelephone -->
  <testcase name="souscription_champs_vide" time="0.0" classname="sn.orange.sonatel.pole.digital.testcase.FibreB2BTelEligible_SouscriptionKOTestCase">
    <skipped/>
  </testcase> <!-- souscription_champs_vide -->
  <testcase name="souscription_email_telephone__errone" time="0.0" classname="sn.orange.sonatel.pole.digital.testcase.FibreB2BTelEligible_SouscriptionKOTestCase">
    <skipped/>
  </testcase> <!-- souscription_email_telephone__errone -->
  <testcase name="souscription_ko" time="0.0" classname="sn.orange.sonatel.pole.digital.testcase.FibreB2BTelEligible_SouscriptionKOTestCase">
    <skipped/>
  </testcase> <!-- souscription_ko -->
</testsuite> <!-- Default test -->
