<?xml version="1.0" encoding="UTF-8"?>
<!-- Generated by org.testng.reporters.JUnitXMLReporter -->
<testsuite hostname="MacBook-Pro-de-Synapsys.local" ignored="0" name="Eshop" tests="8" failures="1" timestamp="19 juil. 2019 09:57:16 GMT" time="37.779" errors="0">
  <testcase name="accueil" time="10.042" classname="sn.orange.sonatel.pole.digital.testcase.EshopTestCase"/>
  <testcase name="ajouterProduits" time="23.604" classname="sn.orange.sonatel.pole.digital.testcase.EshopTestCase">
    <failure type="org.openqa.selenium.NoSuchElementException" message="no such element: Unable to locate element: {&amp;quot;method&amp;quot;:&amp;quot;xpath&amp;quot;,&amp;quot;selector&amp;quot;:&amp;quot;(.//*[normalize-space(text()) and normalize-space(.)=&amp;apos;Disponible&amp;apos;])[9]/following::b[1]&amp;quot;}
  (Session info: chrome=75.0.3770.142)
  (Driver info: chromedriver=72.0.3626.69 (3c16f8a135abc0d4da2dff33804db79b849a7c38),platform=Mac OS X 10.14.2 x86_64) (WARNING: The server did not provide any stacktrace information)
Command duration or timeout: 0 milliseconds
For documentation on this error, please visit: http://seleniumhq.org/exceptions/no_such_element.html
Build info: version: &amp;apos;3.14.0&amp;apos;, revision: &amp;apos;aacccce0&amp;apos;, time: &amp;apos;2018-08-02T20:19:58.91Z&amp;apos;
System info: host: &amp;apos;MacBook-Pro-de-Synapsys.local&amp;apos;, ip: &amp;apos;fe80:0:0:0:42c:2ca5:e8bd:af85%en0&amp;apos;, os.name: &amp;apos;Mac OS X&amp;apos;, os.arch: &amp;apos;x86_64&amp;apos;, os.version: &amp;apos;10.14.2&amp;apos;, java.version: &amp;apos;1.8.0_191&amp;apos;
Driver info: org.openqa.selenium.chrome.ChromeDriver
Capabilities {acceptInsecureCerts: false, acceptSslCerts: false, applicationCacheEnabled: false, browserConnectionEnabled: false, browserName: chrome, chrome: {chromedriverVersion: 72.0.3626.69 (3c16f8a135abc..., userDataDir: /var/folders/0d/9jgm725n7vg...}, cssSelectorsEnabled: true, databaseEnabled: false, goog:chromeOptions: {debuggerAddress: localhost:51780}, handlesAlerts: true, hasTouchScreen: false, javascriptEnabled: true, locationContextEnabled: true, mobileEmulationEnabled: false, nativeEvents: true, networkConnectionEnabled: false, pageLoadStrategy: normal, platform: MAC, platformName: MAC, proxy: Proxy(), rotatable: false, setWindowRect: true, takesHeapSnapshot: true, takesScreenshot: true, timeouts: {implicit: 0, pageLoad: 300000, script: 30000}, unexpectedAlertBehaviour: ignore, unhandledPromptBehavior: ignore, version: 75.0.3770.142, webStorageEnabled: true}
Session ID: 661aa0b23730dca083dcc4645c99b9ac
*** Element info: {Using=xpath, value=(.//*[normalize-space(text()) and normalize-space(.)=&amp;apos;Disponible&amp;apos;])[9]/following::b[1]}">
      <![CDATA[org.openqa.selenium.NoSuchElementException: no such element: Unable to locate element: {"method":"xpath","selector":"(.//*[normalize-space(text()) and normalize-space(.)='Disponible'])[9]/following::b[1]"}
  (Session info: chrome=75.0.3770.142)
  (Driver info: chromedriver=72.0.3626.69 (3c16f8a135abc0d4da2dff33804db79b849a7c38),platform=Mac OS X 10.14.2 x86_64) (WARNING: The server did not provide any stacktrace information)
Command duration or timeout: 0 milliseconds
For documentation on this error, please visit: http://seleniumhq.org/exceptions/no_such_element.html
Build info: version: '3.14.0', revision: 'aacccce0', time: '2018-08-02T20:19:58.91Z'
System info: host: 'MacBook-Pro-de-Synapsys.local', ip: 'fe80:0:0:0:42c:2ca5:e8bd:af85%en0', os.name: 'Mac OS X', os.arch: 'x86_64', os.version: '10.14.2', java.version: '1.8.0_191'
Driver info: org.openqa.selenium.chrome.ChromeDriver
Capabilities {acceptInsecureCerts: false, acceptSslCerts: false, applicationCacheEnabled: false, browserConnectionEnabled: false, browserName: chrome, chrome: {chromedriverVersion: 72.0.3626.69 (3c16f8a135abc..., userDataDir: /var/folders/0d/9jgm725n7vg...}, cssSelectorsEnabled: true, databaseEnabled: false, goog:chromeOptions: {debuggerAddress: localhost:51780}, handlesAlerts: true, hasTouchScreen: false, javascriptEnabled: true, locationContextEnabled: true, mobileEmulationEnabled: false, nativeEvents: true, networkConnectionEnabled: false, pageLoadStrategy: normal, platform: MAC, platformName: MAC, proxy: Proxy(), rotatable: false, setWindowRect: true, takesHeapSnapshot: true, takesScreenshot: true, timeouts: {implicit: 0, pageLoad: 300000, script: 30000}, unexpectedAlertBehaviour: ignore, unhandledPromptBehavior: ignore, version: 75.0.3770.142, webStorageEnabled: true}
Session ID: 661aa0b23730dca083dcc4645c99b9ac
*** Element info: {Using=xpath, value=(.//*[normalize-space(text()) and normalize-space(.)='Disponible'])[9]/following::b[1]}
at org.openqa.selenium.remote.ErrorHandler.createThrowable(ErrorHandler.java:214)
at org.openqa.selenium.remote.ErrorHandler.throwIfResponseFailed(ErrorHandler.java:166)
at org.openqa.selenium.remote.http.JsonHttpResponseCodec.reconstructValue(JsonHttpResponseCodec.java:40)
at org.openqa.selenium.remote.http.AbstractHttpResponseCodec.decode(AbstractHttpResponseCodec.java:80)
at org.openqa.selenium.remote.http.AbstractHttpResponseCodec.decode(AbstractHttpResponseCodec.java:44)
at org.openqa.selenium.remote.HttpCommandExecutor.execute(HttpCommandExecutor.java:158)
at org.openqa.selenium.remote.service.DriverCommandExecutor.execute(DriverCommandExecutor.java:83)
at org.openqa.selenium.remote.RemoteWebDriver.execute(RemoteWebDriver.java:548)
at org.openqa.selenium.remote.RemoteWebDriver.findElement(RemoteWebDriver.java:322)
at org.openqa.selenium.remote.RemoteWebDriver.findElementByXPath(RemoteWebDriver.java:424)
at org.openqa.selenium.By$ByXPath.findElement(By.java:353)
at org.openqa.selenium.remote.RemoteWebDriver.findElement(RemoteWebDriver.java:314)
at org.openqa.selenium.support.pagefactory.DefaultElementLocator.findElement(DefaultElementLocator.java:69)
at org.openqa.selenium.support.pagefactory.internal.LocatingElementHandler.invoke(LocatingElementHandler.java:38)
at com.sun.proxy.$Proxy10.click(Unknown Source)
at sn.orange.sonatel.pole.digital.pom.Eshop.EshopAjouterProduits.clickBtnproduit2(EshopAjouterProduits.java:144)
at sn.orange.sonatel.pole.digital.pom.Eshop.EshopAjouterProduits.ajouterProduit2(EshopAjouterProduits.java:360)
at sn.orange.sonatel.pole.digital.testcase.EshopTestCase.ajouterProduits(EshopTestCase.java:90)
... Removed 29 stack frames]]>
    </failure>
  </testcase> <!-- ajouterProduits -->
  <testcase name="validerPanier" time="0.0" classname="sn.orange.sonatel.pole.digital.testcase.EshopTestCase">
    <skipped/>
  </testcase> <!-- validerPanier -->
  <testcase name="authentication" time="0.0" classname="sn.orange.sonatel.pole.digital.testcase.EshopTestCase">
    <skipped/>
  </testcase> <!-- authentication -->
  <testcase name="livraison" time="0.0" classname="sn.orange.sonatel.pole.digital.testcase.EshopTestCase">
    <skipped/>
  </testcase> <!-- livraison -->
  <testcase name="Recapitulatif" time="0.0" classname="sn.orange.sonatel.pole.digital.testcase.EshopTestCase">
    <skipped/>
  </testcase> <!-- Recapitulatif -->
  <testcase name="Paiement" time="0.0" classname="sn.orange.sonatel.pole.digital.testcase.EshopTestCase">
    <skipped/>
  </testcase> <!-- Paiement -->
  <testcase name="EtapeFinale" time="0.0" classname="sn.orange.sonatel.pole.digital.testcase.EshopTestCase">
    <skipped/>
  </testcase> <!-- EtapeFinale -->
</testsuite> <!-- Eshop -->
